<?xml version="1.0" encoding="UTF-8"?>
<!-- Generated by org.testng.reporters.JUnitXMLReporter -->
<testsuite hostname="SCS-MD29" ignored="29" name="Default test" tests="3" failures="2" timestamp="2021-03-31T23:22:26 IST" time="19.311" errors="0">
  <testcase name="login" time="7.024" classname="macorva.test.SurveyTest"/>
  <testcase name="testCreateInstitution" time="3.407" classname="macorva.test.SurveyTest">
    <failure type="org.openqa.selenium.NoSuchElementException" message="Cannot locate an element using xpath=//a[@href=&amp;apos;/newuser/&amp;apos;]
For documentation on this error, please visit: https://www.seleniumhq.org/exceptions/no_such_element.html
Build info: version: &amp;apos;3.141.59&amp;apos;, revision: &amp;apos;e82be7d358&amp;apos;, time: &amp;apos;2018-11-14T08:17:03&amp;apos;
System info: host: &amp;apos;SCS-MD29&amp;apos;, ip: &amp;apos;192.168.1.104&amp;apos;, os.name: &amp;apos;Windows 10&amp;apos;, os.arch: &amp;apos;amd64&amp;apos;, os.version: &amp;apos;10.0&amp;apos;, java.version: &amp;apos;1.8.0_111&amp;apos;
Driver info: driver.version: RemoteWebDriver">
      <![CDATA[org.openqa.selenium.NoSuchElementException: Cannot locate an element using xpath=//a[@href='/newuser/']
For documentation on this error, please visit: https://www.seleniumhq.org/exceptions/no_such_element.html
Build info: version: '3.141.59', revision: 'e82be7d358', time: '2018-11-14T08:17:03'
System info: host: 'SCS-MD29', ip: '192.168.1.104', os.name: 'Windows 10', os.arch: 'amd64', os.version: '10.0', java.version: '1.8.0_111'
Driver info: driver.version: RemoteWebDriver
at org.openqa.selenium.remote.RemoteWebDriver.findElement(RemoteWebDriver.java:327)
at org.openqa.selenium.remote.RemoteWebDriver.findElementByXPath(RemoteWebDriver.java:428)
at org.openqa.selenium.By$ByXPath.findElement(By.java:353)
at org.openqa.selenium.remote.RemoteWebDriver.findElement(RemoteWebDriver.java:315)
at macorva.test.SurveyTest.testCreateInstitution(SurveyTest.java:328)
at sun.reflect.NativeMethodAccessorImpl.invoke0(Native Method)
at sun.reflect.NativeMethodAccessorImpl.invoke(Unknown Source)
at sun.reflect.DelegatingMethodAccessorImpl.invoke(Unknown Source)
at java.lang.reflect.Method.invoke(Unknown Source)
at org.testng.internal.MethodInvocationHelper.invokeMethod(MethodInvocationHelper.java:132)
at org.testng.internal.TestInvoker.invokeMethod(TestInvoker.java:599)
at org.testng.internal.TestInvoker.invokeTestMethod(TestInvoker.java:174)
at org.testng.internal.MethodRunner.runInSequence(MethodRunner.java:46)
at org.testng.internal.TestInvoker$MethodInvocationAgent.invoke(TestInvoker.java:822)
at org.testng.internal.TestInvoker.invokeTestMethods(TestInvoker.java:147)
at org.testng.internal.TestMethodWorker.invokeTestMethods(TestMethodWorker.java:146)
at org.testng.internal.TestMethodWorker.run(TestMethodWorker.java:128)
at java.util.ArrayList.forEach(Unknown Source)
at org.testng.TestRunner.privateRun(TestRunner.java:764)
at org.testng.TestRunner.run(TestRunner.java:585)
at org.testng.SuiteRunner.runTest(SuiteRunner.java:384)
at org.testng.SuiteRunner.runSequentially(SuiteRunner.java:378)
at org.testng.SuiteRunner.privateRun(SuiteRunner.java:337)
at org.testng.SuiteRunner.run(SuiteRunner.java:286)
at org.testng.SuiteRunnerWorker.runSuite(SuiteRunnerWorker.java:53)
at org.testng.SuiteRunnerWorker.run(SuiteRunnerWorker.java:96)
at org.testng.TestNG.runSuitesSequentially(TestNG.java:1218)
at org.testng.TestNG.runSuitesLocally(TestNG.java:1140)
at org.testng.TestNG.runSuites(TestNG.java:1069)
at org.testng.TestNG.run(TestNG.java:1037)
at org.testng.remote.AbstractRemoteTestNG.run(AbstractRemoteTestNG.java:115)
at org.testng.remote.RemoteTestNG.initAndRun(RemoteTestNG.java:251)
at org.testng.remote.RemoteTestNG.main(RemoteTestNG.java:77)
]]>
    </failure>
  </testcase> <!-- testCreateInstitution -->
  <testcase name="testaddSurvey" time="0.038" classname="macorva.test.SurveyTest">
    <failure type="org.openqa.selenium.NoSuchWindowException" message="no such window: target window already closed
from unknown error: web view not found
  (Session info: chrome=89.0.4389.114)
Build info: version: &amp;apos;3.141.59&amp;apos;, revision: &amp;apos;e82be7d358&amp;apos;, time: &amp;apos;2018-11-14T08:17:03&amp;apos;
System info: host: &amp;apos;SCS-MD29&amp;apos;, ip: &amp;apos;192.168.1.104&amp;apos;, os.name: &amp;apos;Windows 10&amp;apos;, os.arch: &amp;apos;amd64&amp;apos;, os.version: &amp;apos;10.0&amp;apos;, java.version: &amp;apos;1.8.0_111&amp;apos;
Driver info: org.openqa.selenium.chrome.ChromeDriver
Capabilities {acceptInsecureCerts: false, browserName: chrome, browserVersion: 89.0.4389.114, chrome: {chromedriverVersion: 89.0.4389.23 (61b08ee2c5002..., userDataDir: C:\Users\MANDAR~1.SOU\AppDa...}, goog:chromeOptions: {debuggerAddress: localhost:61516}, javascriptEnabled: true, networkConnectionEnabled: false, pageLoadStrategy: normal, platform: WINDOWS, platformName: WINDOWS, proxy: Proxy(), setWindowRect: true, strictFileInteractability: false, timeouts: {implicit: 0, pageLoad: 300000, script: 30000}, unhandledPromptBehavior: dismiss and notify, webauthn:extension:largeBlob: true, webauthn:virtualAuthenticators: true}
Session ID: e86a986f84f351999a5df4439a05e674">
      <![CDATA[org.openqa.selenium.NoSuchWindowException: no such window: target window already closed
from unknown error: web view not found
  (Session info: chrome=89.0.4389.114)
Build info: version: '3.141.59', revision: 'e82be7d358', time: '2018-11-14T08:17:03'
System info: host: 'SCS-MD29', ip: '192.168.1.104', os.name: 'Windows 10', os.arch: 'amd64', os.version: '10.0', java.version: '1.8.0_111'
Driver info: org.openqa.selenium.chrome.ChromeDriver
Capabilities {acceptInsecureCerts: false, browserName: chrome, browserVersion: 89.0.4389.114, chrome: {chromedriverVersion: 89.0.4389.23 (61b08ee2c5002..., userDataDir: C:\Users\MANDAR~1.SOU\AppDa...}, goog:chromeOptions: {debuggerAddress: localhost:61516}, javascriptEnabled: true, networkConnectionEnabled: false, pageLoadStrategy: normal, platform: WINDOWS, platformName: WINDOWS, proxy: Proxy(), setWindowRect: true, strictFileInteractability: false, timeouts: {implicit: 0, pageLoad: 300000, script: 30000}, unhandledPromptBehavior: dismiss and notify, webauthn:extension:largeBlob: true, webauthn:virtualAuthenticators: true}
Session ID: e86a986f84f351999a5df4439a05e674
at sun.reflect.NativeConstructorAccessorImpl.newInstance0(Native Method)
at sun.reflect.NativeConstructorAccessorImpl.newInstance(Unknown Source)
at sun.reflect.DelegatingConstructorAccessorImpl.newInstance(Unknown Source)
at java.lang.reflect.Constructor.newInstance(Unknown Source)
at org.openqa.selenium.remote.http.W3CHttpResponseCodec.createException(W3CHttpResponseCodec.java:187)
at org.openqa.selenium.remote.http.W3CHttpResponseCodec.decode(W3CHttpResponseCodec.java:122)
at org.openqa.selenium.remote.http.W3CHttpResponseCodec.decode(W3CHttpResponseCodec.java:49)
at org.openqa.selenium.remote.HttpCommandExecutor.execute(HttpCommandExecutor.java:158)
at org.openqa.selenium.remote.service.DriverCommandExecutor.execute(DriverCommandExecutor.java:83)
at org.openqa.selenium.remote.RemoteWebDriver.execute(RemoteWebDriver.java:552)
at org.openqa.selenium.remote.RemoteWebDriver.get(RemoteWebDriver.java:277)
at macorva.test.SurveyTest.login(SurveyTest.java:662)
at macorva.test.SurveyTest.testaddSurvey(SurveyTest.java:727)
at sun.reflect.NativeMethodAccessorImpl.invoke0(Native Method)
at sun.reflect.NativeMethodAccessorImpl.invoke(Unknown Source)
at sun.reflect.DelegatingMethodAccessorImpl.invoke(Unknown Source)
at java.lang.reflect.Method.invoke(Unknown Source)
at org.testng.internal.MethodInvocationHelper.invokeMethod(MethodInvocationHelper.java:132)
at org.testng.internal.TestInvoker.invokeMethod(TestInvoker.java:599)
at org.testng.internal.TestInvoker.invokeTestMethod(TestInvoker.java:174)
at org.testng.internal.MethodRunner.runInSequence(MethodRunner.java:46)
at org.testng.internal.TestInvoker$MethodInvocationAgent.invoke(TestInvoker.java:822)
at org.testng.internal.TestInvoker.invokeTestMethods(TestInvoker.java:147)
at org.testng.internal.TestMethodWorker.invokeTestMethods(TestMethodWorker.java:146)
at org.testng.internal.TestMethodWorker.run(TestMethodWorker.java:128)
at java.util.ArrayList.forEach(Unknown Source)
at org.testng.TestRunner.privateRun(TestRunner.java:764)
at org.testng.TestRunner.run(TestRunner.java:585)
at org.testng.SuiteRunner.runTest(SuiteRunner.java:384)
at org.testng.SuiteRunner.runSequentially(SuiteRunner.java:378)
at org.testng.SuiteRunner.privateRun(SuiteRunner.java:337)
at org.testng.SuiteRunner.run(SuiteRunner.java:286)
at org.testng.SuiteRunnerWorker.runSuite(SuiteRunnerWorker.java:53)
at org.testng.SuiteRunnerWorker.run(SuiteRunnerWorker.java:96)
at org.testng.TestNG.runSuitesSequentially(TestNG.java:1218)
at org.testng.TestNG.runSuitesLocally(TestNG.java:1140)
at org.testng.TestNG.runSuites(TestNG.java:1069)
at org.testng.TestNG.run(TestNG.java:1037)
at org.testng.remote.AbstractRemoteTestNG.run(AbstractRemoteTestNG.java:115)
at org.testng.remote.RemoteTestNG.initAndRun(RemoteTestNG.java:251)
at org.testng.remote.RemoteTestNG.main(RemoteTestNG.java:77)
]]>
    </failure>
  </testcase> <!-- testaddSurvey -->
  <testcase name="testwrongcurrentpasswordinMyAccount" time="0.0" classname="macorva.test.SurveyTest">
    <ignored/>
  </testcase> <!-- testwrongcurrentpasswordinMyAccount -->
  <testcase name="testEmailValidationBlankfield" time="0.0" classname="macorva.test.SurveyTest">
    <ignored/>
  </testcase> <!-- testEmailValidationBlankfield -->
  <testcase name="updateUser" time="0.0" classname="macorva.test.SurveyTest">
    <ignored/>
  </testcase> <!-- updateUser -->
  <testcase name="home" time="0.0" classname="macorva.test.SurveyTest">
    <ignored/>
  </testcase> <!-- home -->
  <testcase name="testResetpasswordwithDifferentconfirmPassword" time="0.0" classname="macorva.test.SurveyTest">
    <ignored/>
  </testcase> <!-- testResetpasswordwithDifferentconfirmPassword -->
  <testcase name="updateID" time="0.0" classname="macorva.test.SurveyTest">
    <ignored/>
  </testcase> <!-- updateID -->
  <testcase name="testdifferentDomainandCorrectemailPassword" time="0.0" classname="macorva.test.SurveyTest">
    <ignored/>
  </testcase> <!-- testdifferentDomainandCorrectemailPassword -->
  <testcase name="testSearchInorgChart" time="0.0" classname="macorva.test.SurveyTest">
    <ignored/>
  </testcase> <!-- testSearchInorgChart -->
  <testcase name="testwrongemail" time="0.0" classname="macorva.test.SurveyTest">
    <ignored/>
  </testcase> <!-- testwrongemail -->
  <testcase name="testEmailExist" time="0.0" classname="macorva.test.SurveyTest">
    <ignored/>
  </testcase> <!-- testEmailExist -->
  <testcase name="testSendMessages" time="0.0" classname="macorva.test.SurveyTest">
    <ignored/>
  </testcase> <!-- testSendMessages -->
  <testcase name="testOldurllogin" time="0.0" classname="macorva.test.SurveyTest">
    <ignored/>
  </testcase> <!-- testOldurllogin -->
  <testcase name="myAccount" time="0.0" classname="macorva.test.SurveyTest">
    <ignored/>
  </testcase> <!-- myAccount -->
  <testcase name="testResetpasswordagainafterReset" time="0.0" classname="macorva.test.SurveyTest">
    <ignored/>
  </testcase> <!-- testResetpasswordagainafterReset -->
  <testcase name="upload" time="0.0" classname="macorva.test.SurveyTest">
    <ignored/>
  </testcase> <!-- upload -->
  <testcase name="addUser" time="0.0" classname="macorva.test.SurveyTest">
    <ignored/>
  </testcase> <!-- addUser -->
  <testcase name="adminCXconfigure" time="0.0" classname="macorva.test.SurveyTest">
    <ignored/>
  </testcase> <!-- adminCXconfigure -->
  <testcase name="testResetpassword" time="0.0" classname="macorva.test.SurveyTest">
    <ignored/>
  </testcase> <!-- testResetpassword -->
  <testcase name="testupdateInstitutionwithSpecialChar" time="0.0" classname="macorva.test.SurveyTest">
    <ignored/>
  </testcase> <!-- testupdateInstitutionwithSpecialChar -->
  <testcase name="magiclink" time="0.0" classname="macorva.test.SurveyTest">
    <ignored/>
  </testcase> <!-- magiclink -->
  <testcase name="surveys" time="0.0" classname="macorva.test.SurveyTest">
    <ignored/>
  </testcase> <!-- surveys -->
  <testcase name="testupdateInstitution" time="0.0" classname="macorva.test.SurveyTest">
    <ignored/>
  </testcase> <!-- testupdateInstitution -->
  <testcase name="testwrongpassword" time="0.0" classname="macorva.test.SurveyTest">
    <ignored/>
  </testcase> <!-- testwrongpassword -->
  <testcase name="uploadPhoto" time="0.0" classname="macorva.test.SurveyTest">
    <ignored/>
  </testcase> <!-- uploadPhoto -->
  <testcase name="testQuiteSurvey" time="0.0" classname="macorva.test.SurveyTest">
    <ignored/>
  </testcase> <!-- testQuiteSurvey -->
  <testcase name="testEmailValidationMissingDotsign" time="0.0" classname="macorva.test.SurveyTest">
    <ignored/>
  </testcase> <!-- testEmailValidationMissingDotsign -->
  <testcase name="testResetpasswordwithDifferntdomain" time="0.0" classname="macorva.test.SurveyTest">
    <ignored/>
  </testcase> <!-- testResetpasswordwithDifferntdomain -->
  <testcase name="payment" time="0.0" classname="macorva.test.SurveyTest">
    <ignored/>
  </testcase> <!-- payment -->
  <testcase name="surveyQuest" time="0.0" classname="macorva.test.SurveyTest">
    <ignored/>
  </testcase> <!-- surveyQuest -->
</testsuite> <!-- Default test -->
