<?xml version="1.0" encoding="UTF-8"?>
<!-- Generated by org.testng.reporters.JUnitXMLReporter -->
<testsuite hostname="SCS-MD29" ignored="29" name="Test" tests="4" failures="3" timestamp="2021-03-11T10:29:46 IST" time="25.715" errors="0">
  <testcase name="login" time="13.995" classname="macorva.test.SurveyTest"/>
  <testcase name="testCreateInstitution" time="0.026" classname="macorva.test.SurveyTest">
    <failure type="org.openqa.selenium.NoSuchWindowException" message="no such window: target window already closed
from unknown error: web view not found
  (Session info: chrome=88.0.4324.190)
Build info: version: &amp;apos;3.141.59&amp;apos;, revision: &amp;apos;e82be7d358&amp;apos;, time: &amp;apos;2018-11-14T08:17:03&amp;apos;
System info: host: &amp;apos;SCS-MD29&amp;apos;, ip: &amp;apos;192.168.1.101&amp;apos;, os.name: &amp;apos;Windows 10&amp;apos;, os.arch: &amp;apos;amd64&amp;apos;, os.version: &amp;apos;10.0&amp;apos;, java.version: &amp;apos;1.8.0_111&amp;apos;
Driver info: org.openqa.selenium.chrome.ChromeDriver
Capabilities {acceptInsecureCerts: false, browserName: chrome, browserVersion: 88.0.4324.190, chrome: {chromedriverVersion: 87.0.4280.20 (c99e81631faa0..., userDataDir: C:\Users\MANDAR~1.SOU\AppDa...}, goog:chromeOptions: {debuggerAddress: localhost:64059}, javascriptEnabled: true, networkConnectionEnabled: false, pageLoadStrategy: normal, platform: WINDOWS, platformName: WINDOWS, proxy: Proxy(), setWindowRect: true, strictFileInteractability: false, timeouts: {implicit: 0, pageLoad: 300000, script: 30000}, unhandledPromptBehavior: dismiss and notify, webauthn:virtualAuthenticators: true}
Session ID: c94d0bab3b810718dc651898828c4e26">
      <![CDATA[org.openqa.selenium.NoSuchWindowException: no such window: target window already closed
from unknown error: web view not found
  (Session info: chrome=88.0.4324.190)
Build info: version: '3.141.59', revision: 'e82be7d358', time: '2018-11-14T08:17:03'
System info: host: 'SCS-MD29', ip: '192.168.1.101', os.name: 'Windows 10', os.arch: 'amd64', os.version: '10.0', java.version: '1.8.0_111'
Driver info: org.openqa.selenium.chrome.ChromeDriver
Capabilities {acceptInsecureCerts: false, browserName: chrome, browserVersion: 88.0.4324.190, chrome: {chromedriverVersion: 87.0.4280.20 (c99e81631faa0..., userDataDir: C:\Users\MANDAR~1.SOU\AppDa...}, goog:chromeOptions: {debuggerAddress: localhost:64059}, javascriptEnabled: true, networkConnectionEnabled: false, pageLoadStrategy: normal, platform: WINDOWS, platformName: WINDOWS, proxy: Proxy(), setWindowRect: true, strictFileInteractability: false, timeouts: {implicit: 0, pageLoad: 300000, script: 30000}, unhandledPromptBehavior: dismiss and notify, webauthn:virtualAuthenticators: true}
Session ID: c94d0bab3b810718dc651898828c4e26
at org.openqa.selenium.remote.http.W3CHttpResponseCodec.createException(W3CHttpResponseCodec.java:187)
at org.openqa.selenium.remote.http.W3CHttpResponseCodec.decode(W3CHttpResponseCodec.java:122)
at org.openqa.selenium.remote.http.W3CHttpResponseCodec.decode(W3CHttpResponseCodec.java:49)
at org.openqa.selenium.remote.HttpCommandExecutor.execute(HttpCommandExecutor.java:158)
at org.openqa.selenium.remote.service.DriverCommandExecutor.execute(DriverCommandExecutor.java:83)
at org.openqa.selenium.remote.RemoteWebDriver.execute(RemoteWebDriver.java:552)
at org.openqa.selenium.remote.RemoteWebDriver.get(RemoteWebDriver.java:277)
at macorva.test.SurveyTest.testCreateInstitution(SurveyTest.java:327)
at java.util.ArrayList.forEach(Unknown Source)
... Removed 31 stack frames]]>
    </failure>
  </testcase> <!-- testCreateInstitution -->
  <testcase name="testaddSurvey" time="0.005" classname="macorva.test.SurveyTest">
    <failure type="org.openqa.selenium.NoSuchWindowException" message="no such window: target window already closed
from unknown error: web view not found
  (Session info: chrome=88.0.4324.190)
Build info: version: &amp;apos;3.141.59&amp;apos;, revision: &amp;apos;e82be7d358&amp;apos;, time: &amp;apos;2018-11-14T08:17:03&amp;apos;
System info: host: &amp;apos;SCS-MD29&amp;apos;, ip: &amp;apos;192.168.1.101&amp;apos;, os.name: &amp;apos;Windows 10&amp;apos;, os.arch: &amp;apos;amd64&amp;apos;, os.version: &amp;apos;10.0&amp;apos;, java.version: &amp;apos;1.8.0_111&amp;apos;
Driver info: org.openqa.selenium.chrome.ChromeDriver
Capabilities {acceptInsecureCerts: false, browserName: chrome, browserVersion: 88.0.4324.190, chrome: {chromedriverVersion: 87.0.4280.20 (c99e81631faa0..., userDataDir: C:\Users\MANDAR~1.SOU\AppDa...}, goog:chromeOptions: {debuggerAddress: localhost:64059}, javascriptEnabled: true, networkConnectionEnabled: false, pageLoadStrategy: normal, platform: WINDOWS, platformName: WINDOWS, proxy: Proxy(), setWindowRect: true, strictFileInteractability: false, timeouts: {implicit: 0, pageLoad: 300000, script: 30000}, unhandledPromptBehavior: dismiss and notify, webauthn:virtualAuthenticators: true}
Session ID: c94d0bab3b810718dc651898828c4e26">
      <![CDATA[org.openqa.selenium.NoSuchWindowException: no such window: target window already closed
from unknown error: web view not found
  (Session info: chrome=88.0.4324.190)
Build info: version: '3.141.59', revision: 'e82be7d358', time: '2018-11-14T08:17:03'
System info: host: 'SCS-MD29', ip: '192.168.1.101', os.name: 'Windows 10', os.arch: 'amd64', os.version: '10.0', java.version: '1.8.0_111'
Driver info: org.openqa.selenium.chrome.ChromeDriver
Capabilities {acceptInsecureCerts: false, browserName: chrome, browserVersion: 88.0.4324.190, chrome: {chromedriverVersion: 87.0.4280.20 (c99e81631faa0..., userDataDir: C:\Users\MANDAR~1.SOU\AppDa...}, goog:chromeOptions: {debuggerAddress: localhost:64059}, javascriptEnabled: true, networkConnectionEnabled: false, pageLoadStrategy: normal, platform: WINDOWS, platformName: WINDOWS, proxy: Proxy(), setWindowRect: true, strictFileInteractability: false, timeouts: {implicit: 0, pageLoad: 300000, script: 30000}, unhandledPromptBehavior: dismiss and notify, webauthn:virtualAuthenticators: true}
Session ID: c94d0bab3b810718dc651898828c4e26
at org.openqa.selenium.remote.http.W3CHttpResponseCodec.createException(W3CHttpResponseCodec.java:187)
at org.openqa.selenium.remote.http.W3CHttpResponseCodec.decode(W3CHttpResponseCodec.java:122)
at org.openqa.selenium.remote.http.W3CHttpResponseCodec.decode(W3CHttpResponseCodec.java:49)
at org.openqa.selenium.remote.HttpCommandExecutor.execute(HttpCommandExecutor.java:158)
at org.openqa.selenium.remote.service.DriverCommandExecutor.execute(DriverCommandExecutor.java:83)
at org.openqa.selenium.remote.RemoteWebDriver.execute(RemoteWebDriver.java:552)
at org.openqa.selenium.remote.RemoteWebDriver.get(RemoteWebDriver.java:277)
at macorva.test.SurveyTest.login(SurveyTest.java:662)
at macorva.test.SurveyTest.testaddSurvey(SurveyTest.java:727)
at java.util.ArrayList.forEach(Unknown Source)
... Removed 31 stack frames]]>
    </failure>
  </testcase> <!-- testaddSurvey -->
  <testcase name="testaddSurveys" time="0.005" classname="macorva.test.SurveyConfig">
    <failure type="org.openqa.selenium.NoSuchWindowException" message="no such window: target window already closed
from unknown error: web view not found
  (Session info: chrome=88.0.4324.190)
Build info: version: &amp;apos;3.141.59&amp;apos;, revision: &amp;apos;e82be7d358&amp;apos;, time: &amp;apos;2018-11-14T08:17:03&amp;apos;
System info: host: &amp;apos;SCS-MD29&amp;apos;, ip: &amp;apos;192.168.1.101&amp;apos;, os.name: &amp;apos;Windows 10&amp;apos;, os.arch: &amp;apos;amd64&amp;apos;, os.version: &amp;apos;10.0&amp;apos;, java.version: &amp;apos;1.8.0_111&amp;apos;
Driver info: org.openqa.selenium.chrome.ChromeDriver
Capabilities {acceptInsecureCerts: false, browserName: chrome, browserVersion: 88.0.4324.190, chrome: {chromedriverVersion: 87.0.4280.20 (c99e81631faa0..., userDataDir: C:\Users\MANDAR~1.SOU\AppDa...}, goog:chromeOptions: {debuggerAddress: localhost:64059}, javascriptEnabled: true, networkConnectionEnabled: false, pageLoadStrategy: normal, platform: WINDOWS, platformName: WINDOWS, proxy: Proxy(), setWindowRect: true, strictFileInteractability: false, timeouts: {implicit: 0, pageLoad: 300000, script: 30000}, unhandledPromptBehavior: dismiss and notify, webauthn:virtualAuthenticators: true}
Session ID: c94d0bab3b810718dc651898828c4e26
*** Element info: {Using=xpath, value=//div[contains(text(),&amp;apos;Configure&amp;apos;)]}">
      <![CDATA[org.openqa.selenium.NoSuchWindowException: no such window: target window already closed
from unknown error: web view not found
  (Session info: chrome=88.0.4324.190)
Build info: version: '3.141.59', revision: 'e82be7d358', time: '2018-11-14T08:17:03'
System info: host: 'SCS-MD29', ip: '192.168.1.101', os.name: 'Windows 10', os.arch: 'amd64', os.version: '10.0', java.version: '1.8.0_111'
Driver info: org.openqa.selenium.chrome.ChromeDriver
Capabilities {acceptInsecureCerts: false, browserName: chrome, browserVersion: 88.0.4324.190, chrome: {chromedriverVersion: 87.0.4280.20 (c99e81631faa0..., userDataDir: C:\Users\MANDAR~1.SOU\AppDa...}, goog:chromeOptions: {debuggerAddress: localhost:64059}, javascriptEnabled: true, networkConnectionEnabled: false, pageLoadStrategy: normal, platform: WINDOWS, platformName: WINDOWS, proxy: Proxy(), setWindowRect: true, strictFileInteractability: false, timeouts: {implicit: 0, pageLoad: 300000, script: 30000}, unhandledPromptBehavior: dismiss and notify, webauthn:virtualAuthenticators: true}
Session ID: c94d0bab3b810718dc651898828c4e26
*** Element info: {Using=xpath, value=//div[contains(text(),'Configure')]}
at org.openqa.selenium.remote.http.W3CHttpResponseCodec.createException(W3CHttpResponseCodec.java:187)
at org.openqa.selenium.remote.http.W3CHttpResponseCodec.decode(W3CHttpResponseCodec.java:122)
at org.openqa.selenium.remote.http.W3CHttpResponseCodec.decode(W3CHttpResponseCodec.java:49)
at org.openqa.selenium.remote.HttpCommandExecutor.execute(HttpCommandExecutor.java:158)
at org.openqa.selenium.remote.service.DriverCommandExecutor.execute(DriverCommandExecutor.java:83)
at org.openqa.selenium.remote.RemoteWebDriver.execute(RemoteWebDriver.java:552)
at org.openqa.selenium.remote.RemoteWebDriver.findElement(RemoteWebDriver.java:323)
at org.openqa.selenium.remote.RemoteWebDriver.findElementByXPath(RemoteWebDriver.java:428)
at org.openqa.selenium.By$ByXPath.findElement(By.java:353)
at org.openqa.selenium.remote.RemoteWebDriver.findElement(RemoteWebDriver.java:315)
at macorva.test.SurveyConfig.testaddSurveys(SurveyConfig.java:20)
at java.util.ArrayList.forEach(Unknown Source)
... Removed 31 stack frames]]>
    </failure>
  </testcase> <!-- testaddSurveys -->
  <testcase name="testEmailValidationBlankfield" time="0.0" classname="macorva.test.SurveyTest">
    <ignored/>
  </testcase> <!-- testEmailValidationBlankfield -->
  <testcase name="testwrongcurrentpasswordinMyAccount" time="0.0" classname="macorva.test.SurveyTest">
    <ignored/>
  </testcase> <!-- testwrongcurrentpasswordinMyAccount -->
  <testcase name="updateUser" time="0.0" classname="macorva.test.SurveyTest">
    <ignored/>
  </testcase> <!-- updateUser -->
  <testcase name="home" time="0.0" classname="macorva.test.SurveyTest">
    <ignored/>
  </testcase> <!-- home -->
  <testcase name="testResetpasswordwithDifferentconfirmPassword" time="0.0" classname="macorva.test.SurveyTest">
    <ignored/>
  </testcase> <!-- testResetpasswordwithDifferentconfirmPassword -->
  <testcase name="updateID" time="0.0" classname="macorva.test.SurveyTest">
    <ignored/>
  </testcase> <!-- updateID -->
  <testcase name="testSearchInorgChart" time="0.0" classname="macorva.test.SurveyTest">
    <ignored/>
  </testcase> <!-- testSearchInorgChart -->
  <testcase name="testdifferentDomainandCorrectemailPassword" time="0.0" classname="macorva.test.SurveyTest">
    <ignored/>
  </testcase> <!-- testdifferentDomainandCorrectemailPassword -->
  <testcase name="testwrongemail" time="0.0" classname="macorva.test.SurveyTest">
    <ignored/>
  </testcase> <!-- testwrongemail -->
  <testcase name="testEmailExist" time="0.0" classname="macorva.test.SurveyTest">
    <ignored/>
  </testcase> <!-- testEmailExist -->
  <testcase name="testSendMessages" time="0.0" classname="macorva.test.SurveyTest">
    <ignored/>
  </testcase> <!-- testSendMessages -->
  <testcase name="myAccount" time="0.0" classname="macorva.test.SurveyTest">
    <ignored/>
  </testcase> <!-- myAccount -->
  <testcase name="testOldurllogin" time="0.0" classname="macorva.test.SurveyTest">
    <ignored/>
  </testcase> <!-- testOldurllogin -->
  <testcase name="testResetpasswordagainafterReset" time="0.0" classname="macorva.test.SurveyTest">
    <ignored/>
  </testcase> <!-- testResetpasswordagainafterReset -->
  <testcase name="upload" time="0.0" classname="macorva.test.SurveyTest">
    <ignored/>
  </testcase> <!-- upload -->
  <testcase name="addUser" time="0.0" classname="macorva.test.SurveyTest">
    <ignored/>
  </testcase> <!-- addUser -->
  <testcase name="adminCXconfigure" time="0.0" classname="macorva.test.SurveyTest">
    <ignored/>
  </testcase> <!-- adminCXconfigure -->
  <testcase name="testResetpassword" time="0.0" classname="macorva.test.SurveyTest">
    <ignored/>
  </testcase> <!-- testResetpassword -->
  <testcase name="testupdateInstitutionwithSpecialChar" time="0.0" classname="macorva.test.SurveyTest">
    <ignored/>
  </testcase> <!-- testupdateInstitutionwithSpecialChar -->
  <testcase name="magiclink" time="0.0" classname="macorva.test.SurveyTest">
    <ignored/>
  </testcase> <!-- magiclink -->
  <testcase name="surveys" time="0.0" classname="macorva.test.SurveyTest">
    <ignored/>
  </testcase> <!-- surveys -->
  <testcase name="testupdateInstitution" time="0.0" classname="macorva.test.SurveyTest">
    <ignored/>
  </testcase> <!-- testupdateInstitution -->
  <testcase name="testwrongpassword" time="0.0" classname="macorva.test.SurveyTest">
    <ignored/>
  </testcase> <!-- testwrongpassword -->
  <testcase name="uploadPhoto" time="0.0" classname="macorva.test.SurveyTest">
    <ignored/>
  </testcase> <!-- uploadPhoto -->
  <testcase name="testQuiteSurvey" time="0.0" classname="macorva.test.SurveyTest">
    <ignored/>
  </testcase> <!-- testQuiteSurvey -->
  <testcase name="testEmailValidationMissingDotsign" time="0.0" classname="macorva.test.SurveyTest">
    <ignored/>
  </testcase> <!-- testEmailValidationMissingDotsign -->
  <testcase name="testResetpasswordwithDifferntdomain" time="0.0" classname="macorva.test.SurveyTest">
    <ignored/>
  </testcase> <!-- testResetpasswordwithDifferntdomain -->
  <testcase name="payment" time="0.0" classname="macorva.test.SurveyTest">
    <ignored/>
  </testcase> <!-- payment -->
  <testcase name="surveyQuest" time="0.0" classname="macorva.test.SurveyTest">
    <ignored/>
  </testcase> <!-- surveyQuest -->
</testsuite> <!-- Test -->
