<?xml version="1.0" encoding="UTF-8"?>
<!-- Generated by org.testng.reporters.JUnitReportReporter -->
<testsuite skipped="29" hostname="SCS-MD29" name="macorva.test.SurveyTest" tests="32" failures="0" timestamp="2021-03-31T23:22:26 IST" time="10.472" errors="2">
  <testcase name="testCreateInstitution" time="3.408" classname="macorva.test.SurveyTest">
    <error type="org.openqa.selenium.NoSuchElementException" message="Cannot locate an element using xpath=//a[@href=&#039;/newuser/&#039;]
For documentation on this error, please visit: https://www.seleniumhq.org/exceptions/no_such_element.html
Build info: version: &#039;3.141.59&#039;, revision: &#039;e82be7d358&#039;, time: &#039;2018-11-14T08:17:03&#039;
System info: host: &#039;SCS-MD29&#039;, ip: &#039;192.168.1.104&#039;, os.name: &#039;Windows 10&#039;, os.arch: &#039;amd64&#039;, os.version: &#039;10.0&#039;, java.version: &#039;1.8.0_111&#039;
Driver info: driver.version: RemoteWebDriver">
      <![CDATA[org.openqa.selenium.NoSuchElementException: Cannot locate an element using xpath=//a[@href='/newuser/']
For documentation on this error, please visit: https://www.seleniumhq.org/exceptions/no_such_element.html
Build info: version: '3.141.59', revision: 'e82be7d358', time: '2018-11-14T08:17:03'
System info: host: 'SCS-MD29', ip: '192.168.1.104', os.name: 'Windows 10', os.arch: 'amd64', os.version: '10.0', java.version: '1.8.0_111'
Driver info: driver.version: RemoteWebDriver
at org.openqa.selenium.remote.RemoteWebDriver.findElement(RemoteWebDriver.java:327)
at org.openqa.selenium.remote.RemoteWebDriver.findElementByXPath(RemoteWebDriver.java:428)
at org.openqa.selenium.By$ByXPath.findElement(By.java:353)
at org.openqa.selenium.remote.RemoteWebDriver.findElement(RemoteWebDriver.java:315)
at macorva.test.SurveyTest.testCreateInstitution(SurveyTest.java:328)
at sun.reflect.NativeMethodAccessorImpl.invoke0(Native Method)
at sun.reflect.NativeMethodAccessorImpl.invoke(Unknown Source)
at sun.reflect.DelegatingMethodAccessorImpl.invoke(Unknown Source)
at java.lang.reflect.Method.invoke(Unknown Source)
at org.testng.internal.MethodInvocationHelper.invokeMethod(MethodInvocationHelper.java:132)
at org.testng.internal.TestInvoker.invokeMethod(TestInvoker.java:599)
at org.testng.internal.TestInvoker.invokeTestMethod(TestInvoker.java:174)
at org.testng.internal.MethodRunner.runInSequence(MethodRunner.java:46)
at org.testng.internal.TestInvoker$MethodInvocationAgent.invoke(TestInvoker.java:822)
at org.testng.internal.TestInvoker.invokeTestMethods(TestInvoker.java:147)
at org.testng.internal.TestMethodWorker.invokeTestMethods(TestMethodWorker.java:146)
at org.testng.internal.TestMethodWorker.run(TestMethodWorker.java:128)
at java.util.ArrayList.forEach(Unknown Source)
at org.testng.TestRunner.privateRun(TestRunner.java:764)
at org.testng.TestRunner.run(TestRunner.java:585)
at org.testng.SuiteRunner.runTest(SuiteRunner.java:384)
at org.testng.SuiteRunner.runSequentially(SuiteRunner.java:378)
at org.testng.SuiteRunner.privateRun(SuiteRunner.java:337)
at org.testng.SuiteRunner.run(SuiteRunner.java:286)
at org.testng.SuiteRunnerWorker.runSuite(SuiteRunnerWorker.java:53)
at org.testng.SuiteRunnerWorker.run(SuiteRunnerWorker.java:96)
at org.testng.TestNG.runSuitesSequentially(TestNG.java:1218)
at org.testng.TestNG.runSuitesLocally(TestNG.java:1140)
at org.testng.TestNG.runSuites(TestNG.java:1069)
at org.testng.TestNG.run(TestNG.java:1037)
at org.testng.remote.AbstractRemoteTestNG.run(AbstractRemoteTestNG.java:115)
at org.testng.remote.RemoteTestNG.initAndRun(RemoteTestNG.java:251)
at org.testng.remote.RemoteTestNG.main(RemoteTestNG.java:77)
]]>
    </error>
  </testcase> <!-- testCreateInstitution -->
  <system-out/>
  <testcase name="login" time="7.026" classname="macorva.test.SurveyTest"/>
  <system-out/>
  <testcase name="testaddSurvey" time="0.038" classname="macorva.test.SurveyTest">
    <error type="org.openqa.selenium.NoSuchWindowException" message="no such window: target window already closed
from unknown error: web view not found
  (Session info: chrome=89.0.4389.114)
Build info: version: &#039;3.141.59&#039;, revision: &#039;e82be7d358&#039;, time: &#039;2018-11-14T08:17:03&#039;
System info: host: &#039;SCS-MD29&#039;, ip: &#039;192.168.1.104&#039;, os.name: &#039;Windows 10&#039;, os.arch: &#039;amd64&#039;, os.version: &#039;10.0&#039;, java.version: &#039;1.8.0_111&#039;
Driver info: org.openqa.selenium.chrome.ChromeDriver
Capabilities {acceptInsecureCerts: false, browserName: chrome, browserVersion: 89.0.4389.114, chrome: {chromedriverVersion: 89.0.4389.23 (61b08ee2c5002..., userDataDir: C:\Users\MANDAR~1.SOU\AppDa...}, goog:chromeOptions: {debuggerAddress: localhost:61516}, javascriptEnabled: true, networkConnectionEnabled: false, pageLoadStrategy: normal, platform: WINDOWS, platformName: WINDOWS, proxy: Proxy(), setWindowRect: true, strictFileInteractability: false, timeouts: {implicit: 0, pageLoad: 300000, script: 30000}, unhandledPromptBehavior: dismiss and notify, webauthn:extension:largeBlob: true, webauthn:virtualAuthenticators: true}
Session ID: e86a986f84f351999a5df4439a05e674">
      <![CDATA[org.openqa.selenium.NoSuchWindowException: no such window: target window already closed
from unknown error: web view not found
  (Session info: chrome=89.0.4389.114)
Build info: version: '3.141.59', revision: 'e82be7d358', time: '2018-11-14T08:17:03'
System info: host: 'SCS-MD29', ip: '192.168.1.104', os.name: 'Windows 10', os.arch: 'amd64', os.version: '10.0', java.version: '1.8.0_111'
Driver info: org.openqa.selenium.chrome.ChromeDriver
Capabilities {acceptInsecureCerts: false, browserName: chrome, browserVersion: 89.0.4389.114, chrome: {chromedriverVersion: 89.0.4389.23 (61b08ee2c5002..., userDataDir: C:\Users\MANDAR~1.SOU\AppDa...}, goog:chromeOptions: {debuggerAddress: localhost:61516}, javascriptEnabled: true, networkConnectionEnabled: false, pageLoadStrategy: normal, platform: WINDOWS, platformName: WINDOWS, proxy: Proxy(), setWindowRect: true, strictFileInteractability: false, timeouts: {implicit: 0, pageLoad: 300000, script: 30000}, unhandledPromptBehavior: dismiss and notify, webauthn:extension:largeBlob: true, webauthn:virtualAuthenticators: true}
Session ID: e86a986f84f351999a5df4439a05e674
at sun.reflect.NativeConstructorAccessorImpl.newInstance0(Native Method)
at sun.reflect.NativeConstructorAccessorImpl.newInstance(Unknown Source)
at sun.reflect.DelegatingConstructorAccessorImpl.newInstance(Unknown Source)
at java.lang.reflect.Constructor.newInstance(Unknown Source)
at org.openqa.selenium.remote.http.W3CHttpResponseCodec.createException(W3CHttpResponseCodec.java:187)
at org.openqa.selenium.remote.http.W3CHttpResponseCodec.decode(W3CHttpResponseCodec.java:122)
at org.openqa.selenium.remote.http.W3CHttpResponseCodec.decode(W3CHttpResponseCodec.java:49)
at org.openqa.selenium.remote.HttpCommandExecutor.execute(HttpCommandExecutor.java:158)
at org.openqa.selenium.remote.service.DriverCommandExecutor.execute(DriverCommandExecutor.java:83)
at org.openqa.selenium.remote.RemoteWebDriver.execute(RemoteWebDriver.java:552)
at org.openqa.selenium.remote.RemoteWebDriver.get(RemoteWebDriver.java:277)
at macorva.test.SurveyTest.login(SurveyTest.java:662)
at macorva.test.SurveyTest.testaddSurvey(SurveyTest.java:727)
at sun.reflect.NativeMethodAccessorImpl.invoke0(Native Method)
at sun.reflect.NativeMethodAccessorImpl.invoke(Unknown Source)
at sun.reflect.DelegatingMethodAccessorImpl.invoke(Unknown Source)
at java.lang.reflect.Method.invoke(Unknown Source)
at org.testng.internal.MethodInvocationHelper.invokeMethod(MethodInvocationHelper.java:132)
at org.testng.internal.TestInvoker.invokeMethod(TestInvoker.java:599)
at org.testng.internal.TestInvoker.invokeTestMethod(TestInvoker.java:174)
at org.testng.internal.MethodRunner.runInSequence(MethodRunner.java:46)
at org.testng.internal.TestInvoker$MethodInvocationAgent.invoke(TestInvoker.java:822)
at org.testng.internal.TestInvoker.invokeTestMethods(TestInvoker.java:147)
at org.testng.internal.TestMethodWorker.invokeTestMethods(TestMethodWorker.java:146)
at org.testng.internal.TestMethodWorker.run(TestMethodWorker.java:128)
at java.util.ArrayList.forEach(Unknown Source)
at org.testng.TestRunner.privateRun(TestRunner.java:764)
at org.testng.TestRunner.run(TestRunner.java:585)
at org.testng.SuiteRunner.runTest(SuiteRunner.java:384)
at org.testng.SuiteRunner.runSequentially(SuiteRunner.java:378)
at org.testng.SuiteRunner.privateRun(SuiteRunner.java:337)
at org.testng.SuiteRunner.run(SuiteRunner.java:286)
at org.testng.SuiteRunnerWorker.runSuite(SuiteRunnerWorker.java:53)
at org.testng.SuiteRunnerWorker.run(SuiteRunnerWorker.java:96)
at org.testng.TestNG.runSuitesSequentially(TestNG.java:1218)
at org.testng.TestNG.runSuitesLocally(TestNG.java:1140)
at org.testng.TestNG.runSuites(TestNG.java:1069)
at org.testng.TestNG.run(TestNG.java:1037)
at org.testng.remote.AbstractRemoteTestNG.run(AbstractRemoteTestNG.java:115)
at org.testng.remote.RemoteTestNG.initAndRun(RemoteTestNG.java:251)
at org.testng.remote.RemoteTestNG.main(RemoteTestNG.java:77)
]]>
    </error>
  </testcase> <!-- testaddSurvey -->
  <system-out/>
  <testcase name="testwrongcurrentpasswordinMyAccount" classname="macorva.test.SurveyTest">
    <skipped/>
  </testcase> <!-- testwrongcurrentpasswordinMyAccount -->
  <system-out/>
  <testcase name="testEmailValidationBlankfield" classname="macorva.test.SurveyTest">
    <skipped/>
  </testcase> <!-- testEmailValidationBlankfield -->
  <system-out/>
  <testcase name="updateUser" classname="macorva.test.SurveyTest">
    <skipped/>
  </testcase> <!-- updateUser -->
  <system-out/>
  <testcase name="home" classname="macorva.test.SurveyTest">
    <skipped/>
  </testcase> <!-- home -->
  <system-out/>
  <testcase name="testResetpasswordwithDifferentconfirmPassword" classname="macorva.test.SurveyTest">
    <skipped/>
  </testcase> <!-- testResetpasswordwithDifferentconfirmPassword -->
  <system-out/>
  <testcase name="updateID" classname="macorva.test.SurveyTest">
    <skipped/>
  </testcase> <!-- updateID -->
  <system-out/>
  <testcase name="testdifferentDomainandCorrectemailPassword" classname="macorva.test.SurveyTest">
    <skipped/>
  </testcase> <!-- testdifferentDomainandCorrectemailPassword -->
  <system-out/>
  <testcase name="testSearchInorgChart" classname="macorva.test.SurveyTest">
    <skipped/>
  </testcase> <!-- testSearchInorgChart -->
  <system-out/>
  <testcase name="testwrongemail" classname="macorva.test.SurveyTest">
    <skipped/>
  </testcase> <!-- testwrongemail -->
  <system-out/>
  <testcase name="testEmailExist" classname="macorva.test.SurveyTest">
    <skipped/>
  </testcase> <!-- testEmailExist -->
  <system-out/>
  <testcase name="testSendMessages" classname="macorva.test.SurveyTest">
    <skipped/>
  </testcase> <!-- testSendMessages -->
  <system-out/>
  <testcase name="testOldurllogin" classname="macorva.test.SurveyTest">
    <skipped/>
  </testcase> <!-- testOldurllogin -->
  <system-out/>
  <testcase name="myAccount" classname="macorva.test.SurveyTest">
    <skipped/>
  </testcase> <!-- myAccount -->
  <system-out/>
  <testcase name="testResetpasswordagainafterReset" classname="macorva.test.SurveyTest">
    <skipped/>
  </testcase> <!-- testResetpasswordagainafterReset -->
  <system-out/>
  <testcase name="upload" classname="macorva.test.SurveyTest">
    <skipped/>
  </testcase> <!-- upload -->
  <system-out/>
  <testcase name="addUser" classname="macorva.test.SurveyTest">
    <skipped/>
  </testcase> <!-- addUser -->
  <system-out/>
  <testcase name="adminCXconfigure" classname="macorva.test.SurveyTest">
    <skipped/>
  </testcase> <!-- adminCXconfigure -->
  <system-out/>
  <testcase name="testResetpassword" classname="macorva.test.SurveyTest">
    <skipped/>
  </testcase> <!-- testResetpassword -->
  <system-out/>
  <testcase name="testupdateInstitutionwithSpecialChar" classname="macorva.test.SurveyTest">
    <skipped/>
  </testcase> <!-- testupdateInstitutionwithSpecialChar -->
  <system-out/>
  <testcase name="magiclink" classname="macorva.test.SurveyTest">
    <skipped/>
  </testcase> <!-- magiclink -->
  <system-out/>
  <testcase name="surveys" classname="macorva.test.SurveyTest">
    <skipped/>
  </testcase> <!-- surveys -->
  <system-out/>
  <testcase name="testupdateInstitution" classname="macorva.test.SurveyTest">
    <skipped/>
  </testcase> <!-- testupdateInstitution -->
  <system-out/>
  <testcase name="testwrongpassword" classname="macorva.test.SurveyTest">
    <skipped/>
  </testcase> <!-- testwrongpassword -->
  <system-out/>
  <testcase name="uploadPhoto" classname="macorva.test.SurveyTest">
    <skipped/>
  </testcase> <!-- uploadPhoto -->
  <system-out/>
  <testcase name="testQuiteSurvey" classname="macorva.test.SurveyTest">
    <skipped/>
  </testcase> <!-- testQuiteSurvey -->
  <system-out/>
  <testcase name="testEmailValidationMissingDotsign" classname="macorva.test.SurveyTest">
    <skipped/>
  </testcase> <!-- testEmailValidationMissingDotsign -->
  <system-out/>
  <testcase name="testResetpasswordwithDifferntdomain" classname="macorva.test.SurveyTest">
    <skipped/>
  </testcase> <!-- testResetpasswordwithDifferntdomain -->
  <system-out/>
  <testcase name="payment" classname="macorva.test.SurveyTest">
    <skipped/>
  </testcase> <!-- payment -->
  <system-out/>
  <testcase name="surveyQuest" classname="macorva.test.SurveyTest">
    <skipped/>
  </testcase> <!-- surveyQuest -->
  <system-out/>
</testsuite> <!-- macorva.test.SurveyTest -->
